<?xml version="1.0" encoding="UTF-8"?>
<testng-results ignored="0" total="1" passed="1" failed="0" skipped="0">
  <reporter-output>
  </reporter-output>
  <suite started-at="2023-02-20T20:28:00 IST" name="Default suite" finished-at="2023-02-20T20:28:06 IST" duration-ms="5807">
    <groups>
      <group name="cucumber">
        <method signature="AbstractTestNGCucumberTests.runScenario(io.cucumber.testng.PickleWrapper,io.cucumber.testng.FeatureWrapper)[pri:0, instance:com.TestRunner.TestRunnerPractice@1ca3b418]" name="runScenario" class="io.cucumber.testng.AbstractTestNGCucumberTests"/>
      </group> <!-- cucumber -->
    </groups>
    <test started-at="2023-02-20T20:28:00 IST" name="Default test" finished-at="2023-02-20T20:28:06 IST" duration-ms="5807">
      <class name="com.TestRunner.TestRunnerPractice">
        <test-method is-config="true" signature="setUpClass(org.testng.ITestContext)[pri:0, instance:com.TestRunner.TestRunnerPractice@1ca3b418]" started-at="2023-02-20T20:28:00 IST" name="setUpClass" finished-at="2023-02-20T20:28:01 IST" duration-ms="860" status="PASS">
          <params>
            <param index="0">
              <value>
                <![CDATA[org.testng.TestRunner@1f7cec93]]>
              </value>
            </param>
          </params>
          <reporter-output>
          </reporter-output>
        </test-method> <!-- setUpClass -->
        <test-method signature="runScenario(io.cucumber.testng.PickleWrapper,io.cucumber.testng.FeatureWrapper)[pri:0, instance:com.TestRunner.TestRunnerPractice@1ca3b418]" started-at="2023-02-20T20:28:01 IST" name="runScenario" description="Runs Cucumber Scenarios" data-provider="scenarios" finished-at="2023-02-20T20:28:06 IST" duration-ms="4733" status="PASS">
          <params>
            <param index="0">
              <value>
                <![CDATA["log in functionality"]]>
              </value>
            </param>
            <param index="1">
              <value>
                <![CDATA["fb application"]]>
              </value>
            </param>
          </params>
          <reporter-output>
          </reporter-output>
        </test-method> <!-- runScenario -->
        <test-method is-config="true" signature="tearDownClass()[pri:0, instance:com.TestRunner.TestRunnerPractice@1ca3b418]" started-at="2023-02-20T20:28:06 IST" name="tearDownClass" finished-at="2023-02-20T20:28:06 IST" duration-ms="138" status="PASS">
          <reporter-output>
          </reporter-output>
        </test-method> <!-- tearDownClass -->
      </class> <!-- com.TestRunner.TestRunnerPractice -->
    </test> <!-- Default test -->
  </suite> <!-- Default suite -->
</testng-results>
